2025-09-09 21:59:20.775 | INFO     | utils_logger:<module>:41 - Logging to file: logs\project_log.log
2025-09-09 21:59:20.775 | INFO     | __main__:main:97 - Starting CSV fetch demonstration...
2025-09-09 21:59:20.776 | INFO     | __main__:fetch_csv_file:56 - Fetching CSV data from https://raw.githubusercontent.com/MainakRepositor/Datasets/master/World%20Happiness%20Data/2020.csv...
2025-09-09 21:59:21.334 | INFO     | __main__:write_csv_file:80 - Writing CSV data to example_data\2020_happiness.csv...
2025-09-09 21:59:21.335 | INFO     | __main__:write_csv_file:84 - SUCCESS: CSV data written to example_data\2020_happiness.csv
2025-09-09 21:59:21.336 | INFO     | __main__:fetch_csv_file:60 - SUCCESS: CSV file fetched and saved as 2020_happiness.csv
2025-09-09 22:01:12.429 | INFO     | utils_logger:<module>:41 - Logging to file: logs\project_log.log
2025-09-09 22:01:12.429 | INFO     | __main__:main:97 - Starting CSV fetch demonstration...
2025-09-09 22:01:12.430 | INFO     | __main__:fetch_csv_file:56 - Fetching CSV data from https://raw.githubusercontent.com/MainakRepositor/Datasets/master/World%20Happiness%20Data/2020.csv...
2025-09-09 22:01:12.877 | INFO     | __main__:write_csv_file:80 - Writing CSV data to example_data\2020_happiness.csv...
2025-09-09 22:01:12.879 | INFO     | __main__:write_csv_file:84 - SUCCESS: CSV data written to example_data\2020_happiness.csv
2025-09-09 22:01:12.879 | INFO     | __main__:fetch_csv_file:60 - SUCCESS: CSV file fetched and saved as 2020_happiness.csv
2025-09-09 22:03:42.447 | INFO     | utils_logger:<module>:41 - Logging to file: logs\project_log.log
2025-09-09 22:03:42.448 | INFO     | __main__:main:97 - Starting CSV fetch demonstration...
2025-09-09 22:03:42.448 | INFO     | __main__:fetch_csv_file:56 - Fetching CSV data from https://raw.githubusercontent.com/MainakRepositor/Datasets/master/World%20Happiness%20Data/2020.csv...
2025-09-09 22:03:42.853 | INFO     | __main__:write_csv_file:80 - Writing CSV data to data\2020_happiness.csv...
2025-09-09 22:03:42.854 | INFO     | __main__:write_csv_file:84 - SUCCESS: CSV data written to data\2020_happiness.csv
2025-09-09 22:03:42.855 | INFO     | __main__:fetch_csv_file:60 - SUCCESS: CSV file fetched and saved as 2020_happiness.csv
2025-09-09 22:08:52.501 | INFO     | utils_logger:<module>:41 - Logging to file: logs\project_log.log
2025-09-09 22:08:52.501 | INFO     | __main__:main:97 - Starting CSV fetch demonstration...
2025-09-09 22:08:52.501 | INFO     | __main__:fetch_csv_file:56 - Fetching CSV data from https://raw.githubusercontent.com/MainakRepositor/Datasets/master/World%20Happiness%20Data/2020.csv...
2025-09-09 22:08:52.991 | INFO     | __main__:write_csv_file:80 - Writing CSV data to rucu_data\2020_happiness.csv...
2025-09-09 22:08:52.993 | INFO     | __main__:write_csv_file:84 - SUCCESS: CSV data written to rucu_data\2020_happiness.csv
2025-09-09 22:08:52.994 | INFO     | __main__:fetch_csv_file:60 - SUCCESS: CSV file fetched and saved as 2020_happiness.csv
2025-09-09 22:14:17.193 | INFO     | utils_logger:<module>:41 - Logging to file: logs\project_log.log
2025-09-09 22:14:17.193 | INFO     | __main__:main:97 - Starting CSV fetch demonstration...
2025-09-09 22:14:17.193 | INFO     | __main__:fetch_csv_file:56 - Fetching CSV data from https://cdn.wsform.com/wp-content/uploads/2020/06/color_srgb.csv...
2025-09-09 22:14:17.806 | INFO     | __main__:write_csv_file:80 - Writing CSV data to rucu_data\color.csv...
2025-09-09 22:14:17.808 | INFO     | __main__:write_csv_file:84 - SUCCESS: CSV data written to rucu_data\color.csv
2025-09-09 22:14:17.808 | INFO     | __main__:fetch_csv_file:60 - SUCCESS: CSV file fetched and saved as color.csv
2025-09-09 22:21:02.261 | INFO     | utils_logger:<module>:41 - Logging to file: logs\project_log.log
2025-09-09 22:21:02.262 | INFO     | __main__:main:97 - Starting CSV fetch demonstration...
2025-09-09 22:21:02.262 | INFO     | __main__:fetch_csv_file:56 - Fetching CSV data from https://cdn.wsform.com/wp-content/uploads/2020/06/color_srgb.csv...
2025-09-09 22:21:03.011 | INFO     | __main__:write_csv_file:80 - Writing CSV data to rucu_data\language.csv...
2025-09-09 22:21:03.013 | INFO     | __main__:write_csv_file:84 - SUCCESS: CSV data written to rucu_data\language.csv
2025-09-09 22:21:03.014 | INFO     | __main__:fetch_csv_file:60 - SUCCESS: CSV file fetched and saved as language.csv
2025-09-09 22:23:05.332 | INFO     | utils_logger:<module>:41 - Logging to file: logs\project_log.log
2025-09-09 22:23:05.332 | INFO     | __main__:main:97 - Starting CSV fetch demonstration...
2025-09-09 22:23:05.333 | INFO     | __main__:fetch_csv_file:56 - Fetching CSV data from https://cdn.wsform.com/wp-content/uploads/2020/06/color_srgb.csv...
2025-09-09 22:23:05.992 | INFO     | __main__:write_csv_file:80 - Writing CSV data to rucu_data\color2.csv...
2025-09-09 22:23:05.994 | INFO     | __main__:write_csv_file:84 - SUCCESS: CSV data written to rucu_data\color2.csv
2025-09-09 22:23:05.994 | INFO     | __main__:fetch_csv_file:60 - SUCCESS: CSV file fetched and saved as color2.csv
2025-09-09 22:24:36.639 | INFO     | utils_logger:<module>:41 - Logging to file: logs\project_log.log
2025-09-09 22:24:36.639 | INFO     | __main__:main:97 - Starting CSV fetch demonstration...
2025-09-09 22:24:36.639 | INFO     | __main__:fetch_csv_file:56 - Fetching CSV data from https://wsform.com/wp-content/uploads/2024/11/language.csv...
2025-09-09 22:24:37.197 | ERROR    | __main__:fetch_csv_file:62 - HTTP error occurred: 403 Client Error: Forbidden for url: https://wsform.com/wp-content/uploads/2024/11/language.csv
2025-09-09 22:26:32.784 | INFO     | utils_logger:<module>:41 - Logging to file: logs\project_log.log
2025-09-09 22:26:32.784 | INFO     | __main__:main:97 - Starting CSV fetch demonstration...
2025-09-09 22:26:32.784 | INFO     | __main__:fetch_csv_file:56 - Fetching CSV data from https://cdn.wsform.com/wp-content/uploads/2021/08/year-future.csv...
2025-09-09 22:26:33.522 | INFO     | __main__:write_csv_file:80 - Writing CSV data to rucu_data\year_future.csv...
2025-09-09 22:26:33.524 | INFO     | __main__:write_csv_file:84 - SUCCESS: CSV data written to rucu_data\year_future.csv
2025-09-09 22:26:33.524 | INFO     | __main__:fetch_csv_file:60 - SUCCESS: CSV file fetched and saved as year_future.csv
2025-09-09 22:30:38.221 | INFO     | utils_logger:<module>:41 - Logging to file: logs\project_log.log
2025-09-09 22:30:38.221 | INFO     | __main__:main:97 - Starting Excel fetch demonstration...
2025-09-09 22:30:38.221 | INFO     | __main__:fetch_excel_file:56 - Fetching Excel data from https://raw.githubusercontent.com/denisecase/datafun-03-analytics/main/hosted/Feedback.xlsx...
2025-09-09 22:30:38.794 | INFO     | __main__:write_excel_file:80 - Writing Excel data to example_data\Feedback.xlsx...
2025-09-09 22:30:38.795 | INFO     | __main__:write_excel_file:84 - SUCCESS: Excel data written to example_data\Feedback.xlsx
2025-09-09 22:30:38.795 | INFO     | __main__:fetch_excel_file:60 - SUCCESS: Excel file fetched and saved as Feedback.xlsx
2025-09-09 22:45:41.438 | INFO     | utils_logger:<module>:41 - Logging to file: logs\project_log.log
2025-09-09 22:45:41.440 | INFO     | __main__:main:97 - Starting Excel fetch demonstration...
2025-09-09 22:45:41.440 | INFO     | __main__:fetch_excel_file:56 - Fetching Excel data from https://www.exceldemy.com/wp-content/uploads/2023/12/Supermarket-Sales-Sample-Data.xlsx...
2025-09-09 22:45:42.089 | INFO     | __main__:write_excel_file:80 - Writing Excel data to rucu_data\Supermarket_sales.xlsx...
2025-09-09 22:45:42.091 | INFO     | __main__:write_excel_file:84 - SUCCESS: Excel data written to rucu_data\Supermarket_sales.xlsx
2025-09-09 22:45:42.091 | INFO     | __main__:fetch_excel_file:60 - SUCCESS: Excel file fetched and saved as Supermarket_sales.xlsx
2025-09-09 22:47:07.442 | INFO     | utils_logger:<module>:41 - Logging to file: logs\project_log.log
2025-09-09 22:47:07.443 | INFO     | __main__:main:98 - Starting JSON fetch demonstration...
2025-09-09 22:47:07.443 | INFO     | __main__:fetch_json_file:57 - Fetching JSON data from http://api.open-notify.org/astros.json...
2025-09-09 22:47:07.578 | INFO     | __main__:write_json_file:81 - Writing JSON data to example_data\astros.json...
2025-09-09 22:47:07.580 | INFO     | __main__:write_json_file:85 - SUCCESS: JSON data written to example_data\astros.json
2025-09-09 22:47:07.581 | INFO     | __main__:fetch_json_file:61 - SUCCESS: JSON file fetched and saved as astros.json
2025-09-09 22:50:05.776 | INFO     | utils_logger:<module>:41 - Logging to file: logs\project_log.log
2025-09-09 22:50:05.778 | INFO     | __main__:main:98 - Starting JSON fetch demonstration...
2025-09-09 22:50:05.778 | INFO     | __main__:fetch_json_file:57 - Fetching JSON data from https://samples-files.com/sample-json-files/sample2.json...
2025-09-09 22:50:06.368 | ERROR    | __main__:fetch_json_file:65 - Request error occurred: Expecting value: line 1 column 1 (char 0)
2025-09-09 22:55:09.622 | INFO     | utils_logger:<module>:41 - Logging to file: logs\project_log.log
2025-09-09 22:55:09.624 | INFO     | __main__:main:98 - Starting JSON fetch demonstration...
2025-09-09 22:55:09.624 | INFO     | __main__:fetch_json_file:57 - Fetching JSON data from https://samples-files.com/sample-json-files/sample2.json...
2025-09-09 22:55:10.282 | ERROR    | __main__:fetch_json_file:65 - Request error occurred: Expecting value: line 1 column 1 (char 0)
2025-09-09 22:56:35.821 | INFO     | utils_logger:<module>:41 - Logging to file: logs\project_log.log
2025-09-09 22:56:35.821 | INFO     | __main__:main:98 - Starting JSON fetch demonstration...
2025-09-09 22:56:35.822 | INFO     | __main__:fetch_json_file:57 - Fetching JSON data from http://api.open-notify.org/astros.json...
2025-09-09 22:56:35.995 | INFO     | __main__:write_json_file:81 - Writing JSON data to rucu_data\lat_long.json...
2025-09-09 22:56:35.998 | INFO     | __main__:write_json_file:85 - SUCCESS: JSON data written to rucu_data\lat_long.json
2025-09-09 22:56:35.999 | INFO     | __main__:fetch_json_file:61 - SUCCESS: JSON file fetched and saved as lat_long.json
2025-09-09 22:59:24.896 | INFO     | utils_logger:<module>:41 - Logging to file: logs\project_log.log
2025-09-09 22:59:24.896 | INFO     | __main__:main:98 - Starting JSON fetch demonstration...
2025-09-09 22:59:24.896 | INFO     | __main__:fetch_json_file:57 - Fetching JSON data from http://api.open-notify.org/iss-now.json...
2025-09-09 22:59:40.113 | INFO     | __main__:write_json_file:81 - Writing JSON data to rucu_data\lat.json...
2025-09-09 22:59:40.115 | INFO     | __main__:write_json_file:85 - SUCCESS: JSON data written to rucu_data\lat.json
2025-09-09 22:59:40.115 | INFO     | __main__:fetch_json_file:61 - SUCCESS: JSON file fetched and saved as lat.json
2025-09-09 23:02:56.716 | INFO     | utils_logger:<module>:41 - Logging to file: logs\project_log.log
2025-09-09 23:02:56.717 | INFO     | __main__:main:98 - Starting text fetch demonstration...
2025-09-09 23:02:56.717 | INFO     | __main__:fetch_txt_file:57 - Fetching text data from https://raw.githubusercontent.com/denisecase/datafun-03-analytics/main/hosted/romeo.txt...
2025-09-09 23:02:57.369 | INFO     | __main__:write_txt_file:81 - Writing data to example_data\romeo.txt...
2025-09-09 23:02:57.373 | INFO     | __main__:write_txt_file:85 - SUCCESS: Data written to example_data\romeo.txt
2025-09-09 23:02:57.374 | INFO     | __main__:fetch_txt_file:61 - SUCCESS: Text file fetched and saved as romeo.txt
2025-09-09 23:07:42.532 | INFO     | utils_logger:<module>:41 - Logging to file: logs\project_log.log
2025-09-09 23:07:42.532 | INFO     | __main__:main:98 - Starting text fetch demonstration...
2025-09-09 23:07:42.533 | INFO     | __main__:fetch_txt_file:57 - Fetching text data from https://www.gutenberg.org/files/2701/2701-0.txt...
2025-09-09 23:07:43.980 | INFO     | __main__:write_txt_file:81 - Writing data to rucu_data\gutenberg.txt...
2025-09-09 23:10:49.272 | INFO     | utils_logger:<module>:41 - Logging to file: logs\project_log.log
2025-09-09 23:10:49.272 | INFO     | __main__:main:98 - Starting text fetch demonstration...
2025-09-09 23:10:49.272 | INFO     | __main__:fetch_txt_file:57 - Fetching text data from https://www.gutenberg.org/cache/epub/2701/pg2701.txt...
2025-09-09 23:10:50.271 | INFO     | __main__:write_txt_file:81 - Writing data to rucu_data\gutenberg.txt...
2025-09-09 23:14:04.442 | INFO     | utils_logger:<module>:41 - Logging to file: logs\project_log.log
2025-09-09 23:14:04.442 | INFO     | __main__:main:98 - Starting text fetch demonstration...
2025-09-09 23:14:04.443 | INFO     | __main__:fetch_txt_file:57 - Fetching text data from https://raw.githubusercontent.com/denisecase/datafun-03-analytics/main/hosted/romeo.txt...
2025-09-09 23:14:04.922 | INFO     | __main__:write_txt_file:81 - Writing data to rucu_data\gutenberg.txt...
2025-09-09 23:14:04.926 | INFO     | __main__:write_txt_file:85 - SUCCESS: Data written to rucu_data\gutenberg.txt
2025-09-09 23:14:04.926 | INFO     | __main__:fetch_txt_file:61 - SUCCESS: Text file fetched and saved as gutenberg.txt
